2025-10-25T18:06:50 | touched: scripts/api-server.js
2025-05-27T06:34:42 | touched: scripts/deploy.js
2025-07-01T09:12:41 | touched: LICENSE
2025-08-20T05:21:23 | touched: scripts/cli.js
2025-07-18T10:12:32 | touched: .env.example
2025-04-12T19:16:40 | touched: scripts/interact.js
2025-08-12T09:56:48 | touched: hardhat.config.js
2025-10-04T11:01:00 | touched: hardhat.config.js
2025-01-04T13:38:32 | touched: LICENSE
2025-03-28T12:28:57 | touched: scripts/api-server.js
2025-10-10T08:14:38 | touched: package.json
2025-12-14T15:10:15 | touched: scripts/api-server.js
2025-02-09T23:13:24 | touched: scripts/cli.js
2025-11-11T15:58:37 | touched: scripts/frontend-integration.js
2025-02-05T05:46:30 | touched: scripts/frontend-integration.js
2025-05-19T18:46:55 | touched: scripts/api-server.js
2025-12-01T11:46:19 | touched: scripts/frontend-integration.js
2025-08-31T15:45:22 | touched: scripts/deploy.js
2025-04-25T05:59:07 | touched: scripts/frontend-integration.js
2025-08-14T12:47:27 | touched: scripts/api-server.js
2025-09-08T20:41:03 | touched: scripts/cli.js
2025-03-29T21:41:25 | touched: README.md
2025-07-26T06:45:41 | touched: scripts/cli.js
2025-07-24T22:03:43 | touched: LICENSE
2025-04-19T09:46:58 | touched: README.md
2025-12-23T09:16:49 | touched: scripts/api-server.js
2025-06-28T11:17:44 | touched: .env.example
